A51 MACRO ASSEMBLER  02A                                                                  07/21/2018 07:51:04 PAGE     1


MACRO ASSEMBLER A51 V8.2.7.0
OBJECT MODULE PLACED IN .\Objects\02a.obj
ASSEMBLER INVOKED BY: C:\Keil_v5\C51\BIN\A51.EXE 02a.asm SET(SMALL) DEBUG PRINT(.\Listings\02a.lst) OBJECT(.\Objects\02a
                      .obj) EP

LOC  OBJ            LINE     SOURCE

0000                   1     org 0000h
0000 8000              2             jmp main
0002                   3             main:
0002 75816F            4             mov sp,#0x6f                            ;moved stack to 0x6f location
                       5             
0005                   6                     loop:
0005 75A055            7                             mov P2,#0x55
0008 111E              8                             acall delay1s
000A 75A0AA            9                             mov P2,#0xaa
000D 111E             10                             acall delay1s
000F 80F4             11                             jmp loop
                      12     
                      13     
                      14     
0011                  15     delayms:
0011 7520E6           16             mov 0x20,#230 ;2cycles
0014                  17             L:
0014 D520FD           18                     djnz 0x20,L
                      19                     
0017 7520E6           20             mov 0x20,#230 ;2cycles
001A                  21             L1:
001A D520FD           22                     djnz 0x20,L1
001D 22               23     ret
                      24     
001E                  25     delay1s:
001E 7521FA           26             mov 0x21,#250
0021                  27             l2:
0021 1111             28             acall delayms
0023 1111             29             acall delayms
0025 1111             30             acall delayms
0027 1111             31             acall delayms
0029 D521F5           32             djnz 0x21,l2
002C 22               33     ret     
                      34             
*** WARNING #A41 IN 34 (02a.asm, LINE 34): MISSING 'END' STATEMENT
A51 MACRO ASSEMBLER  02A                                                                  07/21/2018 07:51:04 PAGE     2

SYMBOL TABLE LISTING
------ ----- -------


N A M E             T Y P E  V A L U E   ATTRIBUTES

DELAY1S. . . . . .  C ADDR   001EH   A   
DELAYMS. . . . . .  C ADDR   0011H   A   
L. . . . . . . . .  C ADDR   0014H   A   
L1 . . . . . . . .  C ADDR   001AH   A   
L2 . . . . . . . .  C ADDR   0021H   A   
LOOP . . . . . . .  C ADDR   0005H   A   
MAIN . . . . . . .  C ADDR   0002H   A   
P2 . . . . . . . .  D ADDR   00A0H   A   
SP . . . . . . . .  D ADDR   0081H   A   


REGISTER BANK(S) USED: 0 


ASSEMBLY COMPLETE.  1 WARNING(S), 0 ERROR(S)
