A51 MACRO ASSEMBLER  EXPT_2A                                                              07/14/2018 20:00:33 PAGE     1


MACRO ASSEMBLER A51 V8.2.7.0
OBJECT MODULE PLACED IN .\Objects\EXPT_2A.obj
ASSEMBLER INVOKED BY: C:\Keil_v5\C51\BIN\A51.EXE EXPT_2A.asm SET(SMALL) DEBUG PRINT(.\Listings\EXPT_2A.lst) OBJECT(.\Obj
                      ects\EXPT_2A.obj) EP

LOC  OBJ            LINE     SOURCE

                       1                     ;EXPT 2: Parallel port interfacing of LEDs
                       2                     ;Problem statement: Flash alternate LEDs connected to port 2 by having 1 se
                             c delay , generate delay using simple loops
                       3                     ;NAME: AADESEH U PISE
                       4                     ;BATCH: B2, ROLL NO :312041
                       5                     ;DATE OF PERFORMANCE: 11/07/18
0000                   6                     ORG 00h
0000 75A055            7                     AGAIN: MOV P2,#55H
0003 110C              8                     ACALL DELAY
0005 75A0AA            9                     MOV P2,#0AAH
0008 110C             10                     ACALL DELAY
000A 80F4             11                SJMP AGAIN
000C 7A07             12                        DELAY: MOV R2,#07h
000E 79FF             13                           L1: MOV R1,#0FFH
0010 78FF             14                   L2: MOV R0,#0FFh
0012 D8FE             15                   L3: DJNZ R0,L3
0014 D9FA             16                       DJNZ R1,L2                      
0016 DAF6             17                                       DJNZ R2,L1
0018 22               18                                       RET
                      19                     END
A51 MACRO ASSEMBLER  EXPT_2A                                                              07/14/2018 20:00:33 PAGE     2

SYMBOL TABLE LISTING
------ ----- -------


N A M E             T Y P E  V A L U E   ATTRIBUTES

AGAIN. . . . . . .  C ADDR   0000H   A   
DELAY. . . . . . .  C ADDR   000CH   A   
L1 . . . . . . . .  C ADDR   000EH   A   
L2 . . . . . . . .  C ADDR   0010H   A   
L3 . . . . . . . .  C ADDR   0012H   A   
P2 . . . . . . . .  D ADDR   00A0H   A   


REGISTER BANK(S) USED: 0 


ASSEMBLY COMPLETE.  0 WARNING(S), 0 ERROR(S)
